<?xml version="1.0" encoding="UTF-8"?>
<!-- Generated by org.testng.reporters.JUnitReportReporter -->
<testsuite skipped="0" hostname="ATMECSINLT-085" name="org.atmecs.practo.testscripts.PractoHome" tests="1" failures="0" timestamp="12 Sep 2019 13:39:27 GMT" time="22.498" errors="0">
  <testcase name="practohome" time="22.498" classname="org.atmecs.practo.testscripts.PractoHome"/>
</testsuite> <!-- org.atmecs.practo.testscripts.PractoHome -->
